<?xml version="1.0" encoding="UTF-8"?>
<!-- Generated by org.testng.reporters.JUnitReportReporter -->
<testsuite hostname="student-virtual-machine" name="discuss.factories.BeekeeperFactoryTest" tests="2" failures="0" timestamp="22 Sep 2015 15:39:19 GMT" time="0.003" errors="0">
  <testcase name="testUpdate" time="0.001" classname="discuss.factories.BeekeeperFactoryTest"/>
  <testcase name="testCreate" time="0.002" classname="discuss.factories.BeekeeperFactoryTest"/>
</testsuite> <!-- discuss.factories.BeekeeperFactoryTest -->
