<?xml version="1.0" encoding="UTF-8"?>
<!-- Generated by org.testng.reporters.JUnitReportReporter -->
<testsuite hostname="student-virtual-machine" name="discuss.factories.SalesFactoryTest" tests="2" failures="0" timestamp="22 Sep 2015 15:39:19 GMT" time="0.000" errors="0">
  <testcase name="testUpdate" time="0.000" classname="discuss.factories.SalesFactoryTest"/>
  <testcase name="testCreate" time="0.000" classname="discuss.factories.SalesFactoryTest"/>
</testsuite> <!-- discuss.factories.SalesFactoryTest -->
