<?xml version="1.0" encoding="UTF-8"?>
<!-- Generated by org.testng.reporters.JUnitReportReporter -->
<testsuite hostname="student-virtual-machine" name="discuss.AppTest" tests="1" failures="0" timestamp="22 Sep 2015 15:39:19 GMT" time="0.001" errors="0">
  <testcase name="testApp" time="0.001" classname="discuss.AppTest"/>
</testsuite> <!-- discuss.AppTest -->
